<?xml version="1.0" encoding="UTF-8"?>
<!-- Generated by org.testng.reporters.JUnitReportReporter -->
<testsuite hostname="LAPTOP-CPH8DAVJ" failures="0" tests="2" name="demo_test.LoginTest" time="0.625" errors="0" timestamp="2025-02-21T20:55:42 IST" skipped="0">
  <testcase classname="demo_test.LoginTest" name="testValidLogin" time="0.264"/>
  <system-out/>
  <testcase classname="demo_test.LoginTest" name="testInvalidLogin" time="0.361"/>
  <system-out/>
</testsuite> <!-- demo_test.LoginTest -->
